Info: Starting: Create block symbol file (.bsf)
Info: qsys-generate D:\Proje\vga\vgabenim\unnamed.qsys --block-symbol-file --output-directory=D:\Proje\vga\vgabenim\unnamed --family="Cyclone V" --part=5CSEMA5F31C6
Progress: Loading vgabenim/unnamed.qsys
Progress: Reading input file
Progress: Adding adc_mega_0 [altera_up_avalon_adc_mega 17.1]
Progress: Parameterizing module adc_mega_0
Progress: Building connections
Progress: Parameterizing connections
Progress: Validating
Progress: Done reading input file
Info: qsys-generate succeeded.
Info: Finished: Create block symbol file (.bsf)
Info: 
Info: Starting: Create HDL design files for synthesis
Info: qsys-generate D:\Proje\vga\vgabenim\unnamed.qsys --synthesis=VERILOG --output-directory=D:\Proje\vga\vgabenim\unnamed\synthesis --family="Cyclone V" --part=5CSEMA5F31C6
Progress: Loading vgabenim/unnamed.qsys
Progress: Reading input file
Progress: Adding adc_mega_0 [altera_up_avalon_adc_mega 17.1]
Progress: Parameterizing module adc_mega_0
Progress: Building connections
Progress: Parameterizing connections
Progress: Validating
Progress: Done reading input file
Info: unnamed: Generating unnamed "unnamed" for QUARTUS_SYNTH
Info: adc_mega_0: Starting Generation of ADC Controller for DE-series Board
Info: adc_mega_0: C:/intelfpga_lite/17.1/ip/altera/university_program/input_output/altera_up_avalon_adc/hdl/altera_up_avalon_adv_adc.v C:/Users/ROG/AppData/Local/Temp/alt7684_7010723341357043513.dir/0002_sopcgen/unnamed_adc_mega_0.v
Info: adc_mega_0: "unnamed" instantiated altera_up_avalon_adc_mega "adc_mega_0"
Info: unnamed: Done "unnamed" with 2 modules, 3 files
Info: qsys-generate succeeded.
Info: Finished: Create HDL design files for synthesis
